<?xml version="1.0" encoding="UTF-8"?>
<testsuite xmlns:xsi="http://www.w3.org/2001/XMLSchema-instance" xsi:noNamespaceSchemaLocation="https://maven.apache.org/surefire/maven-surefire-plugin/xsd/surefire-test-report.xsd" version="3.0.2" name="com.nightbite.NightbiteBackendApplicationTests" time="7.265" tests="1" errors="0" skipped="0" failures="0" flakes="0">
  <properties>
[...]
</properties>
  <testcase name="contextLoads" classname="com.nightbite.NightbiteBackendApplicationTests" time="0.329">
    <system-out><![CDATA[10:04:19.273 [main] INFO org.springframework.test.context.support.AnnotationConfigContextLoaderUtils -- Could not detect default configuration classes for test class [com.nightbite.NightbiteBackendApplicationTests]: NightbiteBackendApplicationTests does not declare any static, non-private, non-final, nested classes annotated with @Configuration.
10:04:19.379 [main] INFO org.springframework.boot.test.context.SpringBootTestContextBootstrapper -- Found @SpringBootConfiguration com.nightbite.NightbiteBackendApplication for test class com.nightbite.NightbiteBackendApplicationTests

  .   ____          _            __ _ _
 /\\ / ___'_ __ _ _(_)_ __  __ _ \ \ \ \
( ( )\___ | '_ | '_| | '_ \/ _` | \ \ \ \
 \\/  ___)| |_)| | | | | || (_| |  ) ) ) )
  '  |____| .__|_| |_|_| |_\__, | / / / /
 =========|_|==============|___/=/_/_/_/

 :: Spring Boot ::               (v3.5.15)

2026-06-16T10:04:19.847+07:00  INFO 5640 --- [nightbite-backend] [           main] c.n.NightbiteBackendApplicationTests     : Starting NightbiteBackendApplicationTests using Java 21.0.8 with PID 5640 (started by Thanh Nha in D:\MonHoc\EXE_NightBite\nightbite-backend)
2026-06-16T10:04:19.850+07:00  INFO 5640 --- [nightbite-backend] [           main] c.n.NightbiteBackendApplicationTests     : No active profile set, falling back to 1 default profile: "default"
2026-06-16T10:04:20.813+07:00  INFO 5640 --- [nightbite-backend] [           main] .s.d.r.c.RepositoryConfigurationDelegate : Bootstrapping Spring Data JPA repositories in DEFAULT mode.
2026-06-16T10:04:20.893+07:00  INFO 5640 --- [nightbite-backend] [           main] .s.d.r.c.RepositoryConfigurationDelegate : Finished Spring Data repository scanning in 69 ms. Found 5 JPA repository interfaces.
2026-06-16T10:04:21.486+07:00  INFO 5640 --- [nightbite-backend] [           main] o.hibernate.jpa.internal.util.LogHelper  : HHH000204: Processing PersistenceUnitInfo [name: default]
2026-06-16T10:04:21.548+07:00  INFO 5640 --- [nightbite-backend] [           main] org.hibernate.Version                    : HHH000412: Hibernate ORM core version 6.6.53.Final
2026-06-16T10:04:21.618+07:00  INFO 5640 --- [nightbite-backend] [           main] o.h.c.internal.RegionFactoryInitiator    : HHH000026: Second-level cache disabled
2026-06-16T10:04:21.930+07:00  INFO 5640 --- [nightbite-backend] [           main] o.s.o.j.p.SpringPersistenceUnitInfo      : No LoadTimeWeaver setup: ignoring JPA class transformer
2026-06-16T10:04:21.967+07:00  INFO 5640 --- [nightbite-backend] [           main] com.zaxxer.hikari.HikariDataSource       : HikariPool-1 - Starting...
2026-06-16T10:04:22.116+07:00  INFO 5640 --- [nightbite-backend] [           main] com.zaxxer.hikari.pool.HikariPool        : HikariPool-1 - Added connection com.mysql.cj.jdbc.ConnectionImpl@3add5e17
2026-06-16T10:04:22.117+07:00  INFO 5640 --- [nightbite-backend] [           main] com.zaxxer.hikari.HikariDataSource       : HikariPool-1 - Start completed.
2026-06-16T10:04:22.156+07:00  WARN 5640 --- [nightbite-backend] [           main] org.hibernate.orm.deprecation            : HHH90000025: MySQLDialect does not need to be specified explicitly using 'hibernate.dialect' (remove the property setting and it will be selected by default)
2026-06-16T10:04:22.174+07:00  INFO 5640 --- [nightbite-backend] [           main] org.hibernate.orm.connections.pooling    : HHH10001005: Database info:
	Database JDBC URL [Connecting through datasource 'HikariDataSource (HikariPool-1)']
	Database driver: undefined/unknown
	Database version: 8.0.44
	Autocommit mode: undefined/unknown
	Isolation level: undefined/unknown
	Minimum pool size: undefined/unknown
	Maximum pool size: undefined/unknown
2026-06-16T10:04:23.018+07:00  INFO 5640 --- [nightbite-backend] [           main] o.h.e.t.j.p.i.JtaPlatformInitiator       : HHH000489: No JTA platform available (set 'hibernate.transaction.jta.platform' to enable JTA platform integration)
Hibernate: 
    alter table admins 
       modify column role enum ('ADMIN','SHOP','USER') not null
Hibernate: 
    alter table nightbite_boxes 
       modify column box_type enum ('LARGE','MEDIUM','SMALL') not null
Hibernate: 
    alter table order_items 
       modify column item_type enum ('BOX','PRODUCT') not null
Hibernate: 
    alter table orders 
       modify column payment_method enum ('CASH','MOCK','MOMO','ZALOPAY') not null
Hibernate: 
    alter table orders 
       modify column payment_status enum ('FAILED','PAID','PENDING','REFUNDED') not null
Hibernate: 
    alter table orders 
       modify column status enum ('CANCELLED','CONFIRMED','DONE','PENDING','READY') not null
Hibernate: 
    alter table shops 
       modify column role enum ('ADMIN','SHOP','USER') not null
Hibernate: 
    alter table users 
       modify column role enum ('ADMIN','SHOP','USER') not null
2026-06-16T10:04:23.227+07:00  INFO 5640 --- [nightbite-backend] [           main] j.LocalContainerEntityManagerFactoryBean : Initialized JPA EntityManagerFactory for persistence unit 'default'
2026-06-16T10:04:24.116+07:00  WARN 5640 --- [nightbite-backend] [           main] JpaBaseConfiguration$JpaWebConfiguration : spring.jpa.open-in-view is enabled by default. Therefore, database queries may be performed during view rendering. Explicitly configure spring.jpa.open-in-view to disable this warning
2026-06-16T10:04:24.770+07:00  WARN 5640 --- [nightbite-backend] [           main] .s.s.UserDetailsServiceAutoConfiguration : 

Using generated security password: 2d5abe1b-99f3-4377-aac0-6dd7b1884bbc

This generated password is for development use only. Your security configuration must be updated before running your application in production.

2026-06-16T10:04:24.787+07:00  INFO 5640 --- [nightbite-backend] [           main] r$InitializeUserDetailsManagerConfigurer : Global AuthenticationManager configured with UserDetailsService bean with name inMemoryUserDetailsManager
2026-06-16T10:04:24.949+07:00  INFO 5640 --- [nightbite-backend] [           main] c.n.NightbiteBackendApplicationTests     : Started NightbiteBackendApplicationTests in 5.408 seconds (process running for 6.292)
Hibernate: 
    select
        count(*) 
    from
        users u1_0
Hibernate: 
    select
        next_val as id_val 
    from
        users_seq for update
Hibernate: 
    update
        users_seq 
    set
        next_val= ? 
    where
        next_val=?
Hibernate: 
    select
        next_val as id_val 
    from
        users_seq for update
Hibernate: 
    update
        users_seq 
    set
        next_val= ? 
    where
        next_val=?
Hibernate: 
    select
        count(*) 
    from
        admins a1_0
Hibernate: 
    select
        next_val as id_val 
    from
        admins_seq for update
Hibernate: 
    update
        admins_seq 
    set
        next_val= ? 
    where
        next_val=?
Hibernate: 
    select
        count(*) 
    from
        shops s1_0
Hibernate: 
    select
        next_val as id_val 
    from
        shops_seq for update
Hibernate: 
    update
        shops_seq 
    set
        next_val= ? 
    where
        next_val=?
Hibernate: 
    select
        next_val as id_val 
    from
        shops_seq for update
Hibernate: 
    update
        shops_seq 
    set
        next_val= ? 
    where
        next_val=?
Hibernate: 
    select
        count(*) 
    from
        products p1_0
Hibernate: 
    insert 
    into
        users
        (avatar_url, created_at, email, full_name, is_active, password_hash, phone, role, trust_score, updated_at, zalo_id, id) 
    values
        (?, ?, ?, ?, ?, ?, ?, ?, ?, ?, ?, ?)
Hibernate: 
    insert 
    into
        users
        (avatar_url, created_at, email, full_name, is_active, password_hash, phone, role, trust_score, updated_at, zalo_id, id) 
    values
        (?, ?, ?, ?, ?, ?, ?, ?, ?, ?, ?, ?)
Hibernate: 
    insert 
    into
        users
        (avatar_url, created_at, email, full_name, is_active, password_hash, phone, role, trust_score, updated_at, zalo_id, id) 
    values
        (?, ?, ?, ?, ?, ?, ?, ?, ?, ?, ?, ?)
Hibernate: 
    insert 
    into
        users
        (avatar_url, created_at, email, full_name, is_active, password_hash, phone, role, trust_score, updated_at, zalo_id, id) 
    values
        (?, ?, ?, ?, ?, ?, ?, ?, ?, ?, ?, ?)
Hibernate: 
    insert 
    into
        users
        (avatar_url, created_at, email, full_name, is_active, password_hash, phone, role, trust_score, updated_at, zalo_id, id) 
    values
        (?, ?, ?, ?, ?, ?, ?, ?, ?, ?, ?, ?)
Hibernate: 
    insert 
    into
        admins
        (created_at, email, full_name, password_hash, role, username, id) 
    values
        (?, ?, ?, ?, ?, ?, ?)
Hibernate: 
    insert 
    into
        shops
        (address, banner_url, created_at, description, district, email, is_active, logo_url, owner_name, password_hash, phone, rating_avg, review_count, role, shop_name, updated_at, id) 
    values
        (?, ?, ?, ?, ?, ?, ?, ?, ?, ?, ?, ?, ?, ?, ?, ?, ?)
Hibernate: 
    insert 
    into
        shops
        (address, banner_url, created_at, description, district, email, is_active, logo_url, owner_name, password_hash, phone, rating_avg, review_count, role, shop_name, updated_at, id) 
    values
        (?, ?, ?, ?, ?, ?, ?, ?, ?, ?, ?, ?, ?, ?, ?, ?, ?)
Hibernate: 
    insert 
    into
        shops
        (address, banner_url, created_at, description, district, email, is_active, logo_url, owner_name, password_hash, phone, rating_avg, review_count, role, shop_name, updated_at, id) 
    values
        (?, ?, ?, ?, ?, ?, ?, ?, ?, ?, ?, ?, ?, ?, ?, ?, ?)
Hibernate: 
    insert 
    into
        shops
        (address, banner_url, created_at, description, district, email, is_active, logo_url, owner_name, password_hash, phone, rating_avg, review_count, role, shop_name, updated_at, id) 
    values
        (?, ?, ?, ?, ?, ?, ?, ?, ?, ?, ?, ?, ?, ?, ?, ?, ?)
Hibernate: 
    insert 
    into
        shops
        (address, banner_url, created_at, description, district, email, is_active, logo_url, owner_name, password_hash, phone, rating_avg, review_count, role, shop_name, updated_at, id) 
    values
        (?, ?, ?, ?, ?, ?, ?, ?, ?, ?, ?, ?, ?, ?, ?, ?, ?)
Hibernate: 
    select
        s1_0.id,
        s1_0.address,
        s1_0.banner_url,
        s1_0.created_at,
        s1_0.description,
        s1_0.district,
        s1_0.email,
        s1_0.is_active,
        s1_0.logo_url,
        s1_0.owner_name,
        s1_0.password_hash,
        s1_0.phone,
        s1_0.rating_avg,
        s1_0.review_count,
        s1_0.role,
        s1_0.shop_name,
        s1_0.updated_at 
    from
        shops s1_0
Hibernate: 
    select
        next_val as id_val 
    from
        products_seq for update
Hibernate: 
    update
        products_seq 
    set
        next_val= ? 
    where
        next_val=?
Hibernate: 
    select
        next_val as id_val 
    from
        products_seq for update
Hibernate: 
    update
        products_seq 
    set
        next_val= ? 
    where
        next_val=?
Hibernate: 
    insert 
    into
        products
        (allergen_tags, category, created_at, description, image_url, is_active, name, original_price, quantity_available, quantity_sold, sale_date, sale_end_time, sale_price, sale_start_time, shop_id, updated_at, id) 
    values
        (?, ?, ?, ?, ?, ?, ?, ?, ?, ?, ?, ?, ?, ?, ?, ?, ?)
Hibernate: 
    insert 
    into
        products
        (allergen_tags, category, created_at, description, image_url, is_active, name, original_price, quantity_available, quantity_sold, sale_date, sale_end_time, sale_price, sale_start_time, shop_id, updated_at, id) 
    values
        (?, ?, ?, ?, ?, ?, ?, ?, ?, ?, ?, ?, ?, ?, ?, ?, ?)
Hibernate: 
    insert 
    into
        products
        (allergen_tags, category, created_at, description, image_url, is_active, name, original_price, quantity_available, quantity_sold, sale_date, sale_end_time, sale_price, sale_start_time, shop_id, updated_at, id) 
    values
        (?, ?, ?, ?, ?, ?, ?, ?, ?, ?, ?, ?, ?, ?, ?, ?, ?)
Hibernate: 
    insert 
    into
        products
        (allergen_tags, category, created_at, description, image_url, is_active, name, original_price, quantity_available, quantity_sold, sale_date, sale_end_time, sale_price, sale_start_time, shop_id, updated_at, id) 
    values
        (?, ?, ?, ?, ?, ?, ?, ?, ?, ?, ?, ?, ?, ?, ?, ?, ?)
Hibernate: 
    insert 
    into
        products
        (allergen_tags, category, created_at, description, image_url, is_active, name, original_price, quantity_available, quantity_sold, sale_date, sale_end_time, sale_price, sale_start_time, shop_id, updated_at, id) 
    values
        (?, ?, ?, ?, ?, ?, ?, ?, ?, ?, ?, ?, ?, ?, ?, ?, ?)
Hibernate: 
    insert 
    into
        products
        (allergen_tags, category, created_at, description, image_url, is_active, name, original_price, quantity_available, quantity_sold, sale_date, sale_end_time, sale_price, sale_start_time, shop_id, updated_at, id) 
    values
        (?, ?, ?, ?, ?, ?, ?, ?, ?, ?, ?, ?, ?, ?, ?, ?, ?)
Hibernate: 
    insert 
    into
        products
        (allergen_tags, category, created_at, description, image_url, is_active, name, original_price, quantity_available, quantity_sold, sale_date, sale_end_time, sale_price, sale_start_time, shop_id, updated_at, id) 
    values
        (?, ?, ?, ?, ?, ?, ?, ?, ?, ?, ?, ?, ?, ?, ?, ?, ?)
Hibernate: 
    insert 
    into
        products
        (allergen_tags, category, created_at, description, image_url, is_active, name, original_price, quantity_available, quantity_sold, sale_date, sale_end_time, sale_price, sale_start_time, shop_id, updated_at, id) 
    values
        (?, ?, ?, ?, ?, ?, ?, ?, ?, ?, ?, ?, ?, ?, ?, ?, ?)
Hibernate: 
    insert 
    into
        products
        (allergen_tags, category, created_at, description, image_url, is_active, name, original_price, quantity_available, quantity_sold, sale_date, sale_end_time, sale_price, sale_start_time, shop_id, updated_at, id) 
    values
        (?, ?, ?, ?, ?, ?, ?, ?, ?, ?, ?, ?, ?, ?, ?, ?, ?)
Hibernate: 
    insert 
    into
        products
        (allergen_tags, category, created_at, description, image_url, is_active, name, original_price, quantity_available, quantity_sold, sale_date, sale_end_time, sale_price, sale_start_time, shop_id, updated_at, id) 
    values
        (?, ?, ?, ?, ?, ?, ?, ?, ?, ?, ?, ?, ?, ?, ?, ?, ?)
Hibernate: 
    insert 
    into
        products
        (allergen_tags, category, created_at, description, image_url, is_active, name, original_price, quantity_available, quantity_sold, sale_date, sale_end_time, sale_price, sale_start_time, shop_id, updated_at, id) 
    values
        (?, ?, ?, ?, ?, ?, ?, ?, ?, ?, ?, ?, ?, ?, ?, ?, ?)
Hibernate: 
    insert 
    into
        products
        (allergen_tags, category, created_at, description, image_url, is_active, name, original_price, quantity_available, quantity_sold, sale_date, sale_end_time, sale_price, sale_start_time, shop_id, updated_at, id) 
    values
        (?, ?, ?, ?, ?, ?, ?, ?, ?, ?, ?, ?, ?, ?, ?, ?, ?)
]]></system-out>
    <system-err><![CDATA[Mockito is currently self-attaching to enable the inline-mock-maker. This will no longer work in future releases of the JDK. Please add Mockito as an agent to your build as described in Mockito's documentation: https://javadoc.io/doc/org.mockito/mockito-core/latest/org.mockito/org/mockito/Mockito.html#0.3
WARNING: A Java agent has been loaded dynamically (C:\Users\Thanh Nha\.m2\repository\net\bytebuddy\byte-buddy-agent\1.17.8\byte-buddy-agent-1.17.8.jar)
WARNING: If a serviceability tool is in use, please run with -XX:+EnableDynamicAgentLoading to hide this warning
WARNING: If a serviceability tool is not in use, please run with -Djdk.instrument.traceUsage for more information
WARNING: Dynamic loading of agents will be disallowed by default in a future release
]]></system-err>
  </testcase>
</testsuite>